Building DAG of jobs...
Using shell: /bin/bash
Provided cores: 1
Rules claiming more threads will be scaled down.
Job counts:
	count	jobs
	1	iqtree
	1	mafft_align
	2

[Mon Jan 28 14:48:50 2019]
rule mafft_align:
    input: data/ape.fasta
    output: results/mafft/ape_alignment.afa
    jobid: 1

[Mon Jan 28 14:48:51 2019]
Finished job 1.
1 of 2 steps (50%) done

[Mon Jan 28 14:48:51 2019]
rule iqtree:
    input: results/mafft/ape_alignment.afa
    output: results/ape_alignment.afa.treefile
    jobid: 0
    wildcards: input=ape_alignment.afa

Waiting at most 5 seconds for missing files.
MissingOutputException in line 9 of /Users/davelunt/Dropbox/work/research/code/snakemake-phylo/Snakefile:
Missing files after 5 seconds:
results/ape_alignment.afa.treefile
This might be due to filesystem latency. If that is the case, consider to increase the wait time with --latency-wait.
Shutting down, this might take some time.
Exiting because a job execution failed. Look above for error message
Complete log: /Users/davelunt/Dropbox/work/research/code/snakemake-phylo/.snakemake/log/2019-01-28T144850.466607.snakemake.log
