Building DAG of jobs...
Using shell: /bin/bash
Provided cores: 1
Rules claiming more threads will be scaled down.
Job counts:
	count	jobs
	1	all
	1	fasttree
	1	mafft_align
	1	trimal
	4

[Mon Jan 28 19:17:21 2019]
rule mafft_align:
    input: data/ape.fasta
    output: results/mafft/ape_alignment.afa
    jobid: 3

[Mon Jan 28 19:17:22 2019]
Finished job 3.
1 of 4 steps (25%) done

[Mon Jan 28 19:17:22 2019]
rule trimal:
    input: results/mafft/ape_alignment.afa
    output: results/trimal/ape_alignment.afa.trimal
    jobid: 2

[Mon Jan 28 19:17:22 2019]
Finished job 2.
2 of 4 steps (50%) done

[Mon Jan 28 19:17:22 2019]
rule fasttree:
    input: results/trimal/ape_alignment.afa.trimal
    output: results/fasttree/ape_alignment.afa.trimal.nwk
    jobid: 1

[Mon Jan 28 19:17:22 2019]
Finished job 1.
3 of 4 steps (75%) done

[Mon Jan 28 19:17:22 2019]
localrule all:
    input: results/fasttree/ape_alignment.afa.trimal.nwk
    jobid: 0

[Mon Jan 28 19:17:22 2019]
Finished job 0.
4 of 4 steps (100%) done
Complete log: /Users/davelunt/Dropbox/work/research/code/snakemake-phylo/.snakemake/log/2019-01-28T191721.155684.snakemake.log
